[2022-08-22T02:11:50.314+0000][1][gc] Using Concurrent Mark Sweep
[2022-08-22T02:11:50.315+0000][1][gc,heap,coops] Heap address: 0x00000000c0000000, size: 1024 MB, Compressed Oops mode: 32-bit
[2022-08-22T02:11:50.389+0000][1][safepoint    ] Entering safepoint region: EnableBiasedLocking
[2022-08-22T02:11:50.391+0000][1][safepoint    ] Leaving safepoint region
[2022-08-22T02:11:50.391+0000][1][safepoint    ] Total time for which application threads were stopped: 0.0022898 seconds, Stopping threads took: 0.0017191 seconds
[2022-08-22T02:11:50.406+0000][1][safepoint    ] Application time: 0.0116849 seconds
[2022-08-22T02:11:50.409+0000][1][safepoint    ] Entering safepoint region: RevokeBias
[2022-08-22T02:11:50.413+0000][1][safepoint    ] Leaving safepoint region
[2022-08-22T02:11:50.416+0000][1][safepoint    ] Total time for which application threads were stopped: 0.0076825 seconds, Stopping threads took: 0.0046625 seconds
[2022-08-22T02:11:50.617+0000][1][safepoint    ] Application time: 0.2006138 seconds
[2022-08-22T02:11:50.618+0000][1][safepoint    ] Entering safepoint region: Deoptimize
[2022-08-22T02:11:50.619+0000][1][safepoint    ] Leaving safepoint region
[2022-08-22T02:11:50.620+0000][1][safepoint    ] Total time for which application threads were stopped: 0.0014716 seconds, Stopping threads took: 0.0006348 seconds
[2022-08-22T02:11:50.621+0000][1][safepoint    ] Application time: 0.0008650 seconds
[2022-08-22T02:11:50.622+0000][1][safepoint    ] Entering safepoint region: Deoptimize
[2022-08-22T02:11:50.623+0000][1][safepoint    ] Leaving safepoint region
[2022-08-22T02:11:50.624+0000][1][safepoint    ] Total time for which application threads were stopped: 0.0022581 seconds, Stopping threads took: 0.0011115 seconds
[2022-08-22T02:11:51.044+0000][1][safepoint    ] Application time: 0.4185197 seconds
[2022-08-22T02:11:51.048+0000][1][safepoint    ] Entering safepoint region: Deoptimize
[2022-08-22T02:11:51.049+0000][1][safepoint    ] Leaving safepoint region
[2022-08-22T02:11:51.050+0000][1][safepoint    ] Total time for which application threads were stopped: 0.0022074 seconds, Stopping threads took: 0.0009512 seconds
[2022-08-22T02:11:51.104+0000][1][safepoint    ] Application time: 0.0530817 seconds
[2022-08-22T02:11:51.104+0000][1][safepoint    ] Entering safepoint region: Deoptimize
[2022-08-22T02:11:51.105+0000][1][safepoint    ] Leaving safepoint region
[2022-08-22T02:11:51.107+0000][1][safepoint    ] Total time for which application threads were stopped: 0.0020273 seconds, Stopping threads took: 0.0007321 seconds
[2022-08-22T02:11:51.110+0000][1][safepoint    ] Application time: 0.0024714 seconds
[2022-08-22T02:11:51.111+0000][1][safepoint    ] Entering safepoint region: Deoptimize
[2022-08-22T02:11:51.112+0000][1][safepoint    ] Leaving safepoint region
[2022-08-22T02:11:51.113+0000][1][safepoint    ] Total time for which application threads were stopped: 0.0015784 seconds, Stopping threads took: 0.0006220 seconds
[2022-08-22T02:11:51.192+0000][1][safepoint    ] Application time: 0.0757229 seconds
[2022-08-22T02:11:51.193+0000][1][safepoint    ] Entering safepoint region: Deoptimize
[2022-08-22T02:11:51.193+0000][1][safepoint    ] Leaving safepoint region
[2022-08-22T02:11:51.194+0000][1][safepoint    ] Total time for which application threads were stopped: 0.0016051 seconds, Stopping threads took: 0.0006846 seconds
[2022-08-22T02:11:51.598+0000][1][safepoint    ] Application time: 0.4023706 seconds
[2022-08-22T02:11:51.599+0000][1][safepoint    ] Entering safepoint region: Deoptimize
[2022-08-22T02:11:51.603+0000][1][safepoint    ] Leaving safepoint region
[2022-08-22T02:11:51.607+0000][1][safepoint    ] Total time for which application threads were stopped: 0.0079571 seconds, Stopping threads took: 0.0032019 seconds
[2022-08-22T02:11:52.611+0000][1][safepoint    ] Application time: 1.0003801 seconds
[2022-08-22T02:11:52.612+0000][1][safepoint    ] Entering safepoint region: Cleanup
[2022-08-22T02:11:52.614+0000][1][safepoint    ] Leaving safepoint region
[2022-08-22T02:11:52.615+0000][1][safepoint    ] Total time for which application threads were stopped: 0.0027786 seconds, Stopping threads took: 0.0019584 seconds
[2022-08-22T02:11:53.301+0000][1][safepoint    ] Application time: 0.6830493 seconds
[2022-08-22T02:11:53.304+0000][1][safepoint    ] Entering safepoint region: Deoptimize
[2022-08-22T02:11:53.306+0000][1][safepoint    ] Leaving safepoint region
[2022-08-22T02:11:53.307+0000][1][safepoint    ] Total time for which application threads were stopped: 0.0025722 seconds, Stopping threads took: 0.0015187 seconds
[2022-08-22T02:11:53.308+0000][1][safepoint    ] Application time: 0.0004970 seconds
[2022-08-22T02:11:53.309+0000][1][safepoint    ] Entering safepoint region: Deoptimize
[2022-08-22T02:11:53.311+0000][1][safepoint    ] Leaving safepoint region
[2022-08-22T02:11:53.313+0000][1][safepoint    ] Total time for which application threads were stopped: 0.0042840 seconds, Stopping threads took: 0.0008497 seconds
[2022-08-22T02:11:53.385+0000][1][safepoint    ] Application time: 0.0709281 seconds
[2022-08-22T02:11:53.386+0000][1][safepoint    ] Entering safepoint region: Deoptimize
[2022-08-22T02:11:53.387+0000][1][safepoint    ] Leaving safepoint region
[2022-08-22T02:11:53.388+0000][1][safepoint    ] Total time for which application threads were stopped: 0.0024955 seconds, Stopping threads took: 0.0008393 seconds
[2022-08-22T02:11:53.430+0000][1][safepoint    ] Application time: 0.0395563 seconds
[2022-08-22T02:11:53.430+0000][1][safepoint    ] Entering safepoint region: Deoptimize
[2022-08-22T02:11:53.431+0000][1][safepoint    ] Leaving safepoint region
[2022-08-22T02:11:53.433+0000][1][safepoint    ] Total time for which application threads were stopped: 0.0026179 seconds, Stopping threads took: 0.0007409 seconds
[2022-08-22T02:11:53.468+0000][1][safepoint    ] Application time: 0.0341317 seconds
[2022-08-22T02:11:53.471+0000][1][safepoint    ] Entering safepoint region: RevokeBias
[2022-08-22T02:11:53.472+0000][1][safepoint    ] Leaving safepoint region
[2022-08-22T02:11:53.473+0000][1][safepoint    ] Total time for which application threads were stopped: 0.0017653 seconds, Stopping threads took: 0.0006671 seconds
[2022-08-22T02:11:53.474+0000][1][safepoint    ] Application time: 0.0005352 seconds
[2022-08-22T02:11:53.478+0000][1][safepoint    ] Entering safepoint region: RevokeBias
[2022-08-22T02:11:53.479+0000][1][safepoint    ] Leaving safepoint region
[2022-08-22T02:11:53.480+0000][1][safepoint    ] Total time for which application threads were stopped: 0.0053106 seconds, Stopping threads took: 0.0046196 seconds
[2022-08-22T02:11:53.480+0000][1][safepoint    ] Application time: 0.0002120 seconds
[2022-08-22T02:11:53.481+0000][1][safepoint    ] Entering safepoint region: RevokeBias
[2022-08-22T02:11:53.482+0000][1][safepoint    ] Leaving safepoint region
[2022-08-22T02:11:53.485+0000][1][safepoint    ] Total time for which application threads were stopped: 0.0035286 seconds, Stopping threads took: 0.0010805 seconds
[2022-08-22T02:11:53.486+0000][1][safepoint    ] Application time: 0.0005681 seconds
[2022-08-22T02:11:53.487+0000][1][safepoint    ] Entering safepoint region: RevokeBias
[2022-08-22T02:11:53.488+0000][1][safepoint    ] Leaving safepoint region
[2022-08-22T02:11:53.489+0000][1][safepoint    ] Total time for which application threads were stopped: 0.0015475 seconds, Stopping threads took: 0.0008841 seconds
[2022-08-22T02:11:53.998+0000][1][safepoint    ] Application time: 0.5087979 seconds
[2022-08-22T02:11:53.999+0000][1][safepoint    ] Entering safepoint region: RevokeBias
[2022-08-22T02:11:54.000+0000][1][safepoint    ] Leaving safepoint region
[2022-08-22T02:11:54.001+0000][1][safepoint    ] Total time for which application threads were stopped: 0.0018377 seconds, Stopping threads took: 0.0006140 seconds
[2022-08-22T02:11:54.248+0000][1][safepoint    ] Application time: 0.2463915 seconds
[2022-08-22T02:11:54.248+0000][1][safepoint    ] Entering safepoint region: RevokeBias
[2022-08-22T02:11:54.250+0000][1][safepoint    ] Leaving safepoint region
[2022-08-22T02:11:54.251+0000][1][safepoint    ] Total time for which application threads were stopped: 0.0024218 seconds, Stopping threads took: 0.0012078 seconds
[2022-08-22T02:11:54.650+0000][1][safepoint    ] Application time: 0.3973143 seconds
[2022-08-22T02:11:54.650+0000][1][safepoint    ] Entering safepoint region: CollectForMetadataAllocation
[2022-08-22T02:11:54.652+0000][1][safepoint    ] Leaving safepoint region
[2022-08-22T02:11:54.652+0000][1][safepoint    ] Total time for which application threads were stopped: 0.0021615 seconds, Stopping threads took: 0.0011029 seconds
[2022-08-22T02:11:54.833+0000][1][safepoint    ] Application time: 0.1797113 seconds
[2022-08-22T02:11:54.834+0000][1][safepoint    ] Entering safepoint region: CollectForMetadataAllocation
[2022-08-22T02:11:54.835+0000][1][safepoint    ] Leaving safepoint region
[2022-08-22T02:11:54.835+0000][1][safepoint    ] Total time for which application threads were stopped: 0.0016164 seconds, Stopping threads took: 0.0007117 seconds
[2022-08-22T02:11:54.866+0000][1][safepoint    ] Application time: 0.0301484 seconds
[2022-08-22T02:11:54.867+0000][1][safepoint    ] Entering safepoint region: Deoptimize
[2022-08-22T02:11:54.868+0000][1][safepoint    ] Leaving safepoint region
[2022-08-22T02:11:54.868+0000][1][safepoint    ] Total time for which application threads were stopped: 0.0015063 seconds, Stopping threads took: 0.0006446 seconds
[2022-08-22T02:11:54.892+0000][1][safepoint    ] Application time: 0.0233964 seconds
[2022-08-22T02:11:54.893+0000][1][safepoint    ] Entering safepoint region: CollectForMetadataAllocation
[2022-08-22T02:11:54.895+0000][1][safepoint    ] Leaving safepoint region
[2022-08-22T02:11:54.896+0000][1][safepoint    ] Total time for which application threads were stopped: 0.0028496 seconds, Stopping threads took: 0.0014854 seconds
[2022-08-22T02:11:54.991+0000][1][safepoint    ] Application time: 0.0936512 seconds
[2022-08-22T02:11:54.994+0000][1][safepoint    ] Entering safepoint region: CollectForMetadataAllocation
[2022-08-22T02:11:55.000+0000][1][safepoint    ] Leaving safepoint region
[2022-08-22T02:11:55.002+0000][1][safepoint    ] Total time for which application threads were stopped: 0.0080577 seconds, Stopping threads took: 0.0050074 seconds
[2022-08-22T02:11:55.247+0000][1][safepoint    ] Application time: 0.2421303 seconds
[2022-08-22T02:11:55.252+0000][1][safepoint    ] Entering safepoint region: CollectForMetadataAllocation
[2022-08-22T02:11:55.253+0000][1][safepoint    ] Leaving safepoint region
[2022-08-22T02:11:55.254+0000][1][safepoint    ] Total time for which application threads were stopped: 0.0058672 seconds, Stopping threads took: 0.0049507 seconds
[2022-08-22T02:11:55.348+0000][1][safepoint    ] Application time: 0.0937595 seconds
[2022-08-22T02:11:55.352+0000][1][safepoint    ] Entering safepoint region: CollectForMetadataAllocation
[2022-08-22T02:11:55.354+0000][1][safepoint    ] Leaving safepoint region
[2022-08-22T02:11:55.355+0000][1][safepoint    ] Total time for which application threads were stopped: 0.0033666 seconds, Stopping threads took: 0.0016972 seconds
[2022-08-22T02:11:55.475+0000][1][safepoint    ] Application time: 0.1188375 seconds
[2022-08-22T02:11:55.476+0000][1][safepoint    ] Entering safepoint region: CollectForMetadataAllocation
[2022-08-22T02:11:55.477+0000][1][safepoint    ] Leaving safepoint region
[2022-08-22T02:11:55.478+0000][1][safepoint    ] Total time for which application threads were stopped: 0.0013654 seconds, Stopping threads took: 0.0005958 seconds
[2022-08-22T02:11:55.684+0000][1][safepoint    ] Application time: 0.2058034 seconds
[2022-08-22T02:11:55.685+0000][1][safepoint    ] Entering safepoint region: CollectForMetadataAllocation
[2022-08-22T02:11:55.686+0000][1][safepoint    ] Leaving safepoint region
[2022-08-22T02:11:55.687+0000][1][safepoint    ] Total time for which application threads were stopped: 0.0021134 seconds, Stopping threads took: 0.0007255 seconds
[2022-08-22T02:11:55.709+0000][1][safepoint    ] Application time: 0.0209284 seconds
[2022-08-22T02:11:55.716+0000][1][safepoint    ] Entering safepoint region: CollectForMetadataAllocation
[2022-08-22T02:11:55.730+0000][1][safepoint    ] Leaving safepoint region
[2022-08-22T02:11:55.734+0000][1][safepoint    ] Total time for which application threads were stopped: 0.0237413 seconds, Stopping threads took: 0.0197333 seconds
[2022-08-22T02:11:55.820+0000][1][safepoint    ] Application time: 0.0844098 seconds
[2022-08-22T02:11:55.821+0000][1][safepoint    ] Entering safepoint region: CollectForMetadataAllocation
[2022-08-22T02:11:55.825+0000][1][safepoint    ] Leaving safepoint region
[2022-08-22T02:11:55.826+0000][1][safepoint    ] Total time for which application threads were stopped: 0.0047856 seconds, Stopping threads took: 0.0036544 seconds
[2022-08-22T02:11:55.860+0000][1][safepoint    ] Application time: 0.0326491 seconds
[2022-08-22T02:11:55.861+0000][1][safepoint    ] Entering safepoint region: CollectForMetadataAllocation
[2022-08-22T02:11:55.862+0000][1][safepoint    ] Leaving safepoint region
[2022-08-22T02:11:55.864+0000][1][safepoint    ] Total time for which application threads were stopped: 0.0038135 seconds, Stopping threads took: 0.0016071 seconds
[2022-08-22T02:11:55.873+0000][1][safepoint    ] Application time: 0.0075745 seconds
[2022-08-22T02:11:55.874+0000][1][safepoint    ] Entering safepoint region: Deoptimize
[2022-08-22T02:11:55.875+0000][1][safepoint    ] Leaving safepoint region
[2022-08-22T02:11:55.876+0000][1][safepoint    ] Total time for which application threads were stopped: 0.0021521 seconds, Stopping threads took: 0.0006230 seconds
[2022-08-22T02:11:55.888+0000][1][safepoint    ] Application time: 0.0115542 seconds
[2022-08-22T02:11:55.889+0000][1][safepoint    ] Entering safepoint region: CollectForMetadataAllocation
[2022-08-22T02:11:55.890+0000][1][safepoint    ] Leaving safepoint region
[2022-08-22T02:11:55.891+0000][1][safepoint    ] Total time for which application threads were stopped: 0.0019162 seconds, Stopping threads took: 0.0006913 seconds
[2022-08-22T02:11:55.905+0000][1][safepoint    ] Application time: 0.0134942 seconds
[2022-08-22T02:11:55.906+0000][1][safepoint    ] Entering safepoint region: CollectForMetadataAllocation
[2022-08-22T02:11:55.906+0000][1][safepoint    ] Leaving safepoint region
[2022-08-22T02:11:55.907+0000][1][safepoint    ] Total time for which application threads were stopped: 0.0013036 seconds, Stopping threads took: 0.0005584 seconds
[2022-08-22T02:11:56.052+0000][1][safepoint    ] Application time: 0.1446360 seconds
[2022-08-22T02:11:56.053+0000][1][safepoint    ] Entering safepoint region: CollectForMetadataAllocation
[2022-08-22T02:11:56.054+0000][1][safepoint    ] Leaving safepoint region
[2022-08-22T02:11:56.055+0000][1][safepoint    ] Total time for which application threads were stopped: 0.0015477 seconds, Stopping threads took: 0.0008722 seconds
[2022-08-22T02:11:56.133+0000][1][safepoint    ] Application time: 0.0776391 seconds
[2022-08-22T02:11:56.134+0000][1][safepoint    ] Entering safepoint region: CollectForMetadataAllocation
[2022-08-22T02:11:56.140+0000][1][safepoint    ] Leaving safepoint region
[2022-08-22T02:11:56.141+0000][1][safepoint    ] Total time for which application threads were stopped: 0.0062229 seconds, Stopping threads took: 0.0014128 seconds
[2022-08-22T02:11:56.156+0000][1][safepoint    ] Application time: 0.0141090 seconds
[2022-08-22T02:11:56.157+0000][1][safepoint    ] Entering safepoint region: CollectForMetadataAllocation
[2022-08-22T02:11:56.158+0000][1][safepoint    ] Leaving safepoint region
[2022-08-22T02:11:56.159+0000][1][safepoint    ] Total time for which application threads were stopped: 0.0019101 seconds, Stopping threads took: 0.0008919 seconds
[2022-08-22T02:11:56.189+0000][1][safepoint    ] Application time: 0.0290912 seconds
[2022-08-22T02:11:56.190+0000][1][safepoint    ] Entering safepoint region: CollectForMetadataAllocation
[2022-08-22T02:11:56.191+0000][1][safepoint    ] Leaving safepoint region
[2022-08-22T02:11:56.192+0000][1][safepoint    ] Total time for which application threads were stopped: 0.0018658 seconds, Stopping threads took: 0.0007917 seconds
[2022-08-22T02:11:56.346+0000][1][safepoint    ] Application time: 0.1518804 seconds
[2022-08-22T02:11:56.356+0000][1][safepoint    ] Entering safepoint region: CMS_Initial_Mark
[2022-08-22T02:11:56.364+0000][1][gc,start     ] GC(0) Pause Initial Mark
[2022-08-22T02:11:56.490+0000][1][gc           ] GC(0) Pause Initial Mark 224M->224M(989M) 126.053ms
[2022-08-22T02:11:56.491+0000][1][gc,cpu       ] GC(0) User=0.10s Sys=0.00s Real=0.12s
[2022-08-22T02:11:56.492+0000][1][safepoint    ] Leaving safepoint region
[2022-08-22T02:11:56.493+0000][1][safepoint    ] Total time for which application threads were stopped: 0.1459151 seconds, Stopping threads took: 0.0168607 seconds
[2022-08-22T02:11:56.494+0000][1][gc           ] GC(0) Concurrent Mark
[2022-08-22T02:11:56.498+0000][1][gc,task      ] GC(0) Using 2 workers of 2 for marking
[2022-08-22T02:11:56.503+0000][1][gc           ] GC(0) Concurrent Mark 9.160ms
[2022-08-22T02:11:56.504+0000][1][gc,cpu       ] GC(0) User=0.02s Sys=0.00s Real=0.01s
[2022-08-22T02:11:56.505+0000][1][gc           ] GC(0) Concurrent Preclean
[2022-08-22T02:11:56.507+0000][1][gc           ] GC(0) Concurrent Preclean 1.634ms
[2022-08-22T02:11:56.508+0000][1][gc,cpu       ] GC(0) User=0.00s Sys=0.01s Real=0.00s
[2022-08-22T02:11:56.508+0000][1][gc           ] GC(0) Concurrent Abortable Preclean
[2022-08-22T02:11:56.833+0000][1][safepoint    ] Application time: 0.3391417 seconds
[2022-08-22T02:11:56.834+0000][1][safepoint    ] Entering safepoint region: GenCollectForAllocation
[2022-08-22T02:11:56.836+0000][1][gc,start     ] GC(1) Pause Young (Allocation Failure)
[2022-08-22T02:11:56.852+0000][1][gc,task      ] GC(1) Using 6 workers of 6 for evacuation
[2022-08-22T02:11:56.913+0000][1][gc,age       ] GC(1) Desired survivor size 17891328 bytes, new threshold 6 (max threshold 6)
[2022-08-22T02:11:56.915+0000][1][gc,age       ] GC(1) Age table with threshold 6 (max threshold 6)
[2022-08-22T02:11:56.915+0000][1][gc,age       ] GC(1) - age   1:   10062712 bytes,   10062712 total
[2022-08-22T02:11:56.916+0000][1][gc,heap      ] GC(1) ParNew: 279616K->9943K(314560K)
[2022-08-22T02:11:56.917+0000][1][gc,heap      ] GC(1) CMS: 0K->0K(699072K)
[2022-08-22T02:11:56.918+0000][1][gc,metaspace ] GC(1) Metaspace: 26200K->26200K(1073152K)
[2022-08-22T02:11:56.919+0000][1][gc           ] GC(1) Pause Young (Allocation Failure) 273M->9M(989M) 83.483ms
[2022-08-22T02:11:56.921+0000][1][gc,cpu       ] GC(1) User=0.07s Sys=0.00s Real=0.08s
[2022-08-22T02:11:56.921+0000][1][safepoint    ] Leaving safepoint region
[2022-08-22T02:11:56.923+0000][1][safepoint    ] Total time for which application threads were stopped: 0.0884287 seconds, Stopping threads took: 0.0014145 seconds
[2022-08-22T02:11:56.925+0000][1][safepoint    ] Application time: 0.0012641 seconds
[2022-08-22T02:11:56.926+0000][1][safepoint    ] Entering safepoint region: RevokeBias
[2022-08-22T02:11:56.927+0000][1][safepoint    ] Leaving safepoint region
[2022-08-22T02:11:56.928+0000][1][safepoint    ] Total time for which application threads were stopped: 0.0023102 seconds, Stopping threads took: 0.0010064 seconds
[2022-08-22T02:11:56.944+0000][1][safepoint    ] Application time: 0.0155691 seconds
[2022-08-22T02:11:56.949+0000][1][safepoint    ] Entering safepoint region: RevokeBias
[2022-08-22T02:11:56.950+0000][1][safepoint    ] Leaving safepoint region
[2022-08-22T02:11:56.951+0000][1][safepoint    ] Total time for which application threads were stopped: 0.0053707 seconds, Stopping threads took: 0.0041815 seconds
[2022-08-22T02:11:56.958+0000][1][safepoint    ] Application time: 0.0055040 seconds
[2022-08-22T02:11:56.962+0000][1][safepoint    ] Entering safepoint region: RevokeBias
[2022-08-22T02:11:56.963+0000][1][safepoint    ] Leaving safepoint region
[2022-08-22T02:11:56.964+0000][1][safepoint    ] Total time for which application threads were stopped: 0.0048935 seconds, Stopping threads took: 0.0039052 seconds
[2022-08-22T02:11:56.965+0000][1][safepoint    ] Application time: 0.0001221 seconds
[2022-08-22T02:11:56.966+0000][1][safepoint    ] Entering safepoint region: CollectForMetadataAllocation
[2022-08-22T02:11:56.969+0000][1][safepoint    ] Leaving safepoint region
[2022-08-22T02:11:56.992+0000][1][safepoint    ] Total time for which application threads were stopped: 0.0256004 seconds, Stopping threads took: 0.0023405 seconds
[2022-08-22T02:11:57.013+0000][1][safepoint    ] Application time: 0.0183105 seconds
[2022-08-22T02:11:57.014+0000][1][safepoint    ] Entering safepoint region: RevokeBias
[2022-08-22T02:11:57.015+0000][1][safepoint    ] Leaving safepoint region
[2022-08-22T02:11:57.019+0000][1][safepoint    ] Total time for which application threads were stopped: 0.0047124 seconds, Stopping threads took: 0.0009999 seconds
[2022-08-22T02:11:57.020+0000][1][safepoint    ] Application time: 0.0001602 seconds
[2022-08-22T02:11:57.021+0000][1][safepoint    ] Entering safepoint region: RevokeBias
[2022-08-22T02:11:57.022+0000][1][safepoint    ] Leaving safepoint region
[2022-08-22T02:11:57.023+0000][1][safepoint    ] Total time for which application threads were stopped: 0.0019871 seconds, Stopping threads took: 0.0010844 seconds
[2022-08-22T02:11:57.024+0000][1][safepoint    ] Application time: 0.0002364 seconds
[2022-08-22T02:11:57.030+0000][1][safepoint    ] Entering safepoint region: RevokeBias
[2022-08-22T02:11:57.031+0000][1][safepoint    ] Leaving safepoint region
[2022-08-22T02:11:57.032+0000][1][safepoint    ] Total time for which application threads were stopped: 0.0069473 seconds, Stopping threads took: 0.0061492 seconds
[2022-08-22T02:11:57.033+0000][1][safepoint    ] Application time: 0.0002267 seconds
[2022-08-22T02:11:57.034+0000][1][safepoint    ] Entering safepoint region: RevokeBias
[2022-08-22T02:11:57.035+0000][1][safepoint    ] Leaving safepoint region
[2022-08-22T02:11:57.036+0000][1][safepoint    ] Total time for which application threads were stopped: 0.0023542 seconds, Stopping threads took: 0.0009198 seconds
[2022-08-22T02:11:57.039+0000][1][safepoint    ] Application time: 0.0018372 seconds
[2022-08-22T02:11:57.043+0000][1][safepoint    ] Entering safepoint region: RevokeBias
[2022-08-22T02:11:57.044+0000][1][safepoint    ] Leaving safepoint region
[2022-08-22T02:11:57.045+0000][1][safepoint    ] Total time for which application threads were stopped: 0.0016303 seconds, Stopping threads took: 0.0009813 seconds
[2022-08-22T02:11:57.046+0000][1][safepoint    ] Application time: 0.0010265 seconds
[2022-08-22T02:11:57.051+0000][1][safepoint    ] Entering safepoint region: RevokeBias
[2022-08-22T02:11:57.052+0000][1][safepoint    ] Leaving safepoint region
[2022-08-22T02:11:57.053+0000][1][safepoint    ] Total time for which application threads were stopped: 0.0019442 seconds, Stopping threads took: 0.0008923 seconds
[2022-08-22T02:11:57.054+0000][1][safepoint    ] Application time: 0.0005563 seconds
[2022-08-22T02:11:57.055+0000][1][safepoint    ] Entering safepoint region: RevokeBias
[2022-08-22T02:11:57.059+0000][1][safepoint    ] Leaving safepoint region
[2022-08-22T02:11:57.060+0000][1][safepoint    ] Total time for which application threads were stopped: 0.0048308 seconds, Stopping threads took: 0.0038972 seconds
[2022-08-22T02:11:57.061+0000][1][safepoint    ] Application time: 0.0001437 seconds
[2022-08-22T02:11:57.061+0000][1][safepoint    ] Entering safepoint region: RevokeBias
[2022-08-22T02:11:57.062+0000][1][safepoint    ] Leaving safepoint region
[2022-08-22T02:11:57.063+0000][1][safepoint    ] Total time for which application threads were stopped: 0.0019269 seconds, Stopping threads took: 0.0009304 seconds
[2022-08-22T02:11:57.064+0000][1][safepoint    ] Application time: 0.0001096 seconds
[2022-08-22T02:11:57.066+0000][1][safepoint    ] Entering safepoint region: RevokeBias
[2022-08-22T02:11:57.067+0000][1][safepoint    ] Leaving safepoint region
[2022-08-22T02:11:57.068+0000][1][safepoint    ] Total time for which application threads were stopped: 0.0019854 seconds, Stopping threads took: 0.0010737 seconds
[2022-08-22T02:11:57.072+0000][1][safepoint    ] Application time: 0.0002627 seconds
[2022-08-22T02:11:57.073+0000][1][safepoint    ] Entering safepoint region: RevokeBias
[2022-08-22T02:11:57.075+0000][1][safepoint    ] Leaving safepoint region
[2022-08-22T02:11:57.076+0000][1][safepoint    ] Total time for which application threads were stopped: 0.0029000 seconds, Stopping threads took: 0.0018665 seconds
[2022-08-22T02:11:57.077+0000][1][safepoint    ] Application time: 0.0001655 seconds
[2022-08-22T02:11:57.079+0000][1][safepoint    ] Entering safepoint region: RevokeBias
[2022-08-22T02:11:57.083+0000][1][safepoint    ] Leaving safepoint region
[2022-08-22T02:11:57.084+0000][1][safepoint    ] Total time for which application threads were stopped: 0.0058013 seconds, Stopping threads took: 0.0045155 seconds
[2022-08-22T02:11:57.085+0000][1][safepoint    ] Application time: 0.0001352 seconds
[2022-08-22T02:11:57.086+0000][1][safepoint    ] Entering safepoint region: RevokeBias
[2022-08-22T02:11:57.087+0000][1][safepoint    ] Leaving safepoint region
[2022-08-22T02:11:57.088+0000][1][safepoint    ] Total time for which application threads were stopped: 0.0023816 seconds, Stopping threads took: 0.0011198 seconds
[2022-08-22T02:11:57.090+0000][1][safepoint    ] Application time: 0.0001202 seconds
[2022-08-22T02:11:57.095+0000][1][safepoint    ] Entering safepoint region: RevokeBias
[2022-08-22T02:11:57.097+0000][1][safepoint    ] Leaving safepoint region
[2022-08-22T02:11:57.098+0000][1][safepoint    ] Total time for which application threads were stopped: 0.0021966 seconds, Stopping threads took: 0.0011237 seconds
[2022-08-22T02:11:57.099+0000][1][safepoint    ] Application time: 0.0001802 seconds
[2022-08-22T02:11:57.102+0000][1][safepoint    ] Entering safepoint region: RevokeBias
[2022-08-22T02:11:57.103+0000][1][safepoint    ] Leaving safepoint region
[2022-08-22T02:11:57.104+0000][1][safepoint    ] Total time for which application threads were stopped: 0.0017335 seconds, Stopping threads took: 0.0008258 seconds
[2022-08-22T02:11:57.105+0000][1][safepoint    ] Application time: 0.0001102 seconds
[2022-08-22T02:11:57.106+0000][1][safepoint    ] Entering safepoint region: RevokeBias
[2022-08-22T02:11:57.107+0000][1][safepoint    ] Leaving safepoint region
[2022-08-22T02:11:57.108+0000][1][safepoint    ] Total time for which application threads were stopped: 0.0015561 seconds, Stopping threads took: 0.0008416 seconds
[2022-08-22T02:11:57.109+0000][1][safepoint    ] Application time: 0.0003070 seconds
[2022-08-22T02:11:57.110+0000][1][safepoint    ] Entering safepoint region: RevokeBias
[2022-08-22T02:11:57.111+0000][1][safepoint    ] Leaving safepoint region
[2022-08-22T02:11:57.112+0000][1][safepoint    ] Total time for which application threads were stopped: 0.0021210 seconds, Stopping threads took: 0.0012753 seconds
[2022-08-22T02:11:57.113+0000][1][safepoint    ] Application time: 0.0002242 seconds
[2022-08-22T02:11:57.113+0000][1][safepoint    ] Entering safepoint region: RevokeBias
[2022-08-22T02:11:57.114+0000][1][safepoint    ] Leaving safepoint region
[2022-08-22T02:11:57.115+0000][1][safepoint    ] Total time for which application threads were stopped: 0.0015166 seconds, Stopping threads took: 0.0009179 seconds
[2022-08-22T02:11:57.116+0000][1][safepoint    ] Application time: 0.0001051 seconds
[2022-08-22T02:11:57.118+0000][1][safepoint    ] Entering safepoint region: RevokeBias
[2022-08-22T02:11:57.119+0000][1][safepoint    ] Leaving safepoint region
[2022-08-22T02:11:57.120+0000][1][safepoint    ] Total time for which application threads were stopped: 0.0027404 seconds, Stopping threads took: 0.0012193 seconds
[2022-08-22T02:11:57.122+0000][1][safepoint    ] Application time: 0.0001022 seconds
[2022-08-22T02:11:57.123+0000][1][safepoint    ] Entering safepoint region: RevokeBias
[2022-08-22T02:11:57.124+0000][1][safepoint    ] Leaving safepoint region
[2022-08-22T02:11:57.124+0000][1][safepoint    ] Total time for which application threads were stopped: 0.0015905 seconds, Stopping threads took: 0.0007670 seconds
[2022-08-22T02:11:57.125+0000][1][safepoint    ] Application time: 0.0001319 seconds
[2022-08-22T02:11:57.128+0000][1][safepoint    ] Entering safepoint region: RevokeBias
[2022-08-22T02:11:57.129+0000][1][safepoint    ] Leaving safepoint region
[2022-08-22T02:11:57.130+0000][1][safepoint    ] Total time for which application threads were stopped: 0.0022418 seconds, Stopping threads took: 0.0015541 seconds
[2022-08-22T02:11:57.131+0000][1][safepoint    ] Application time: 0.0001235 seconds
[2022-08-22T02:11:57.131+0000][1][safepoint    ] Entering safepoint region: RevokeBias
[2022-08-22T02:11:57.132+0000][1][safepoint    ] Leaving safepoint region
[2022-08-22T02:11:57.132+0000][1][safepoint    ] Total time for which application threads were stopped: 0.0012014 seconds, Stopping threads took: 0.0006490 seconds
[2022-08-22T02:11:57.133+0000][1][safepoint    ] Application time: 0.0001632 seconds
[2022-08-22T02:11:57.134+0000][1][safepoint    ] Entering safepoint region: RevokeBias
[2022-08-22T02:11:57.134+0000][1][safepoint    ] Leaving safepoint region
[2022-08-22T02:11:57.135+0000][1][safepoint    ] Total time for which application threads were stopped: 0.0013562 seconds, Stopping threads took: 0.0006289 seconds
[2022-08-22T02:11:57.139+0000][1][safepoint    ] Application time: 0.0001041 seconds
[2022-08-22T02:11:57.140+0000][1][safepoint    ] Entering safepoint region: RevokeBias
[2022-08-22T02:11:57.141+0000][1][safepoint    ] Leaving safepoint region
[2022-08-22T02:11:57.142+0000][1][safepoint    ] Total time for which application threads were stopped: 0.0021057 seconds, Stopping threads took: 0.0008320 seconds
[2022-08-22T02:11:57.143+0000][1][safepoint    ] Application time: 0.0001859 seconds
[2022-08-22T02:11:57.144+0000][1][safepoint    ] Entering safepoint region: RevokeBias
[2022-08-22T02:11:57.145+0000][1][safepoint    ] Leaving safepoint region
[2022-08-22T02:11:57.146+0000][1][safepoint    ] Total time for which application threads were stopped: 0.0012978 seconds, Stopping threads took: 0.0005784 seconds
[2022-08-22T02:11:57.146+0000][1][safepoint    ] Application time: 0.0001280 seconds
[2022-08-22T02:11:57.147+0000][1][safepoint    ] Entering safepoint region: RevokeBias
[2022-08-22T02:11:57.148+0000][1][safepoint    ] Leaving safepoint region
[2022-08-22T02:11:57.148+0000][1][safepoint    ] Total time for which application threads were stopped: 0.0013273 seconds, Stopping threads took: 0.0007689 seconds
[2022-08-22T02:11:57.149+0000][1][safepoint    ] Application time: 0.0001151 seconds
[2022-08-22T02:11:57.149+0000][1][safepoint    ] Entering safepoint region: RevokeBias
[2022-08-22T02:11:57.150+0000][1][safepoint    ] Leaving safepoint region
[2022-08-22T02:11:57.150+0000][1][safepoint    ] Total time for which application threads were stopped: 0.0010997 seconds, Stopping threads took: 0.0005339 seconds
[2022-08-22T02:11:57.151+0000][1][safepoint    ] Application time: 0.0000980 seconds
[2022-08-22T02:11:57.152+0000][1][safepoint    ] Entering safepoint region: RevokeBias
[2022-08-22T02:11:57.152+0000][1][safepoint    ] Leaving safepoint region
[2022-08-22T02:11:57.153+0000][1][safepoint    ] Total time for which application threads were stopped: 0.0014805 seconds, Stopping threads took: 0.0006886 seconds
[2022-08-22T02:11:57.154+0000][1][safepoint    ] Application time: 0.0001977 seconds
[2022-08-22T02:11:57.156+0000][1][safepoint    ] Entering safepoint region: RevokeBias
[2022-08-22T02:11:57.157+0000][1][safepoint    ] Leaving safepoint region
[2022-08-22T02:11:57.158+0000][1][safepoint    ] Total time for which application threads were stopped: 0.0017695 seconds, Stopping threads took: 0.0009232 seconds
[2022-08-22T02:11:57.159+0000][1][safepoint    ] Application time: 0.0002312 seconds
[2022-08-22T02:11:57.160+0000][1][safepoint    ] Entering safepoint region: RevokeBias
[2022-08-22T02:11:57.160+0000][1][safepoint    ] Leaving safepoint region
[2022-08-22T02:11:57.162+0000][1][safepoint    ] Total time for which application threads were stopped: 0.0020660 seconds, Stopping threads took: 0.0008843 seconds
[2022-08-22T02:11:57.163+0000][1][safepoint    ] Application time: 0.0001821 seconds
[2022-08-22T02:11:57.164+0000][1][safepoint    ] Entering safepoint region: RevokeBias
[2022-08-22T02:11:57.168+0000][1][safepoint    ] Leaving safepoint region
[2022-08-22T02:11:57.168+0000][1][safepoint    ] Total time for which application threads were stopped: 0.0047383 seconds, Stopping threads took: 0.0039987 seconds
[2022-08-22T02:11:57.169+0000][1][safepoint    ] Application time: 0.0000960 seconds
[2022-08-22T02:11:57.170+0000][1][safepoint    ] Entering safepoint region: RevokeBias
[2022-08-22T02:11:57.171+0000][1][safepoint    ] Leaving safepoint region
[2022-08-22T02:11:57.172+0000][1][safepoint    ] Total time for which application threads were stopped: 0.0019700 seconds, Stopping threads took: 0.0009130 seconds
[2022-08-22T02:11:57.173+0000][1][safepoint    ] Application time: 0.0001844 seconds
[2022-08-22T02:11:57.173+0000][1][safepoint    ] Entering safepoint region: RevokeBias
[2022-08-22T02:11:57.174+0000][1][safepoint    ] Leaving safepoint region
[2022-08-22T02:11:57.178+0000][1][safepoint    ] Total time for which application threads were stopped: 0.0045169 seconds, Stopping threads took: 0.0008634 seconds
[2022-08-22T02:11:57.179+0000][1][safepoint    ] Application time: 0.0002721 seconds
[2022-08-22T02:11:57.180+0000][1][safepoint    ] Entering safepoint region: RevokeBias
[2022-08-22T02:11:57.181+0000][1][safepoint    ] Leaving safepoint region
[2022-08-22T02:11:57.181+0000][1][safepoint    ] Total time for which application threads were stopped: 0.0015854 seconds, Stopping threads took: 0.0008269 seconds
[2022-08-22T02:11:57.182+0000][1][safepoint    ] Application time: 0.0002142 seconds
[2022-08-22T02:11:57.183+0000][1][safepoint    ] Entering safepoint region: RevokeBias
[2022-08-22T02:11:57.184+0000][1][safepoint    ] Leaving safepoint region
[2022-08-22T02:11:57.184+0000][1][safepoint    ] Total time for which application threads were stopped: 0.0013263 seconds, Stopping threads took: 0.0006240 seconds
[2022-08-22T02:11:57.186+0000][1][safepoint    ] Application time: 0.0010593 seconds
[2022-08-22T02:11:57.187+0000][1][safepoint    ] Entering safepoint region: BulkRevokeBias
[2022-08-22T02:11:57.188+0000][1][safepoint    ] Leaving safepoint region
[2022-08-22T02:11:57.190+0000][1][safepoint    ] Total time for which application threads were stopped: 0.0028027 seconds, Stopping threads took: 0.0010611 seconds
[2022-08-22T02:11:57.191+0000][1][safepoint    ] Application time: 0.0002907 seconds
[2022-08-22T02:11:57.195+0000][1][safepoint    ] Entering safepoint region: BulkRevokeBias
[2022-08-22T02:11:57.196+0000][1][safepoint    ] Leaving safepoint region
[2022-08-22T02:11:57.197+0000][1][safepoint    ] Total time for which application threads were stopped: 0.0019138 seconds, Stopping threads took: 0.0010409 seconds
[2022-08-22T02:11:57.342+0000][1][safepoint    ] Application time: 0.1441654 seconds
[2022-08-22T02:11:57.343+0000][1][safepoint    ] Entering safepoint region: RevokeBias
[2022-08-22T02:11:57.344+0000][1][safepoint    ] Leaving safepoint region
[2022-08-22T02:11:57.348+0000][1][safepoint    ] Total time for which application threads were stopped: 0.0049468 seconds, Stopping threads took: 0.0013444 seconds
[2022-08-22T02:11:57.365+0000][1][safepoint    ] Application time: 0.0164567 seconds
[2022-08-22T02:11:57.366+0000][1][safepoint    ] Entering safepoint region: RevokeBias
[2022-08-22T02:11:57.371+0000][1][safepoint    ] Leaving safepoint region
[2022-08-22T02:11:57.372+0000][1][safepoint    ] Total time for which application threads were stopped: 0.0057071 seconds, Stopping threads took: 0.0045336 seconds
[2022-08-22T02:11:57.552+0000][1][safepoint    ] Application time: 0.1786482 seconds
[2022-08-22T02:11:57.553+0000][1][safepoint    ] Entering safepoint region: Deoptimize
[2022-08-22T02:11:57.554+0000][1][safepoint    ] Leaving safepoint region
[2022-08-22T02:11:57.555+0000][1][safepoint    ] Total time for which application threads were stopped: 0.0017798 seconds, Stopping threads took: 0.0007678 seconds
[2022-08-22T02:11:57.575+0000][1][safepoint    ] Application time: 0.0193863 seconds
[2022-08-22T02:11:57.577+0000][1][safepoint    ] Entering safepoint region: RevokeBias
[2022-08-22T02:11:57.578+0000][1][safepoint    ] Leaving safepoint region
[2022-08-22T02:11:57.578+0000][1][safepoint    ] Total time for which application threads were stopped: 0.0016831 seconds, Stopping threads took: 0.0006271 seconds
[2022-08-22T02:11:57.587+0000][1][safepoint    ] Application time: 0.0083185 seconds
[2022-08-22T02:11:57.588+0000][1][safepoint    ] Entering safepoint region: RevokeBias
[2022-08-22T02:11:57.589+0000][1][safepoint    ] Leaving safepoint region
[2022-08-22T02:11:57.610+0000][1][safepoint    ] Total time for which application threads were stopped: 0.0220288 seconds, Stopping threads took: 0.0008637 seconds
[2022-08-22T02:11:57.724+0000][1][safepoint    ] Application time: 0.1096903 seconds
[2022-08-22T02:11:57.729+0000][1][safepoint    ] Entering safepoint region: CollectForMetadataAllocation
[2022-08-22T02:11:57.732+0000][1][safepoint    ] Leaving safepoint region
[2022-08-22T02:11:57.738+0000][1][safepoint    ] Total time for which application threads were stopped: 0.0096527 seconds, Stopping threads took: 0.0035106 seconds
[2022-08-22T02:11:57.965+0000][1][safepoint    ] Application time: 0.2192725 seconds
[2022-08-22T02:11:57.966+0000][1][safepoint    ] Entering safepoint region: CollectForMetadataAllocation
[2022-08-22T02:11:57.967+0000][1][safepoint    ] Leaving safepoint region
[2022-08-22T02:11:57.968+0000][1][safepoint    ] Total time for which application threads were stopped: 0.0020948 seconds, Stopping threads took: 0.0009769 seconds
[2022-08-22T02:11:58.146+0000][1][safepoint    ] Application time: 0.1770974 seconds
[2022-08-22T02:11:58.152+0000][1][safepoint    ] Entering safepoint region: RevokeBias
[2022-08-22T02:11:58.160+0000][1][safepoint    ] Leaving safepoint region
[2022-08-22T02:11:58.162+0000][1][safepoint    ] Total time for which application threads were stopped: 0.0141694 seconds, Stopping threads took: 0.0118406 seconds
[2022-08-22T02:11:58.175+0000][1][safepoint    ] Application time: 0.0076173 seconds
[2022-08-22T02:11:58.176+0000][1][safepoint    ] Entering safepoint region: RevokeBias
[2022-08-22T02:11:58.178+0000][1][safepoint    ] Leaving safepoint region
[2022-08-22T02:11:58.179+0000][1][safepoint    ] Total time for which application threads were stopped: 0.0029306 seconds, Stopping threads took: 0.0018701 seconds
[2022-08-22T02:11:58.212+0000][1][safepoint    ] Application time: 0.0296997 seconds
[2022-08-22T02:11:58.215+0000][1][safepoint    ] Entering safepoint region: RevokeBias
[2022-08-22T02:11:58.216+0000][1][safepoint    ] Leaving safepoint region
[2022-08-22T02:11:58.218+0000][1][safepoint    ] Total time for which application threads were stopped: 0.0033023 seconds, Stopping threads took: 0.0012771 seconds
[2022-08-22T02:11:58.221+0000][1][gc           ] GC(0) Concurrent Abortable Preclean 1712.889ms
[2022-08-22T02:11:58.229+0000][1][gc,cpu       ] GC(0) User=2.23s Sys=0.11s Real=1.72s
[2022-08-22T02:11:58.222+0000][1][safepoint    ] Application time: 0.0009596 seconds
[2022-08-22T02:11:58.232+0000][1][safepoint    ] Entering safepoint region: RevokeBias
[2022-08-22T02:11:58.234+0000][1][safepoint    ] Leaving safepoint region
[2022-08-22T02:11:58.235+0000][1][safepoint    ] Total time for which application threads were stopped: 0.0035865 seconds, Stopping threads took: 0.0020053 seconds
[2022-08-22T02:11:58.240+0000][1][safepoint    ] Application time: 0.0030643 seconds
[2022-08-22T02:11:58.246+0000][1][safepoint    ] Entering safepoint region: CMS_Final_Remark
[2022-08-22T02:11:58.248+0000][1][gc,start     ] GC(0) Pause Remark
[2022-08-22T02:11:58.357+0000][1][gc           ] GC(0) Pause Remark 172M->172M(989M) 102.217ms
[2022-08-22T02:11:58.359+0000][1][gc,cpu       ] GC(0) User=0.13s Sys=0.00s Real=0.11s
[2022-08-22T02:11:58.360+0000][1][safepoint    ] Leaving safepoint region
[2022-08-22T02:11:58.361+0000][1][safepoint    ] Total time for which application threads were stopped: 0.1147647 seconds, Stopping threads took: 0.0016888 seconds
[2022-08-22T02:11:58.362+0000][1][gc           ] GC(0) Concurrent Sweep
[2022-08-22T02:11:58.363+0000][1][gc           ] GC(0) Concurrent Sweep 1.623ms
[2022-08-22T02:11:58.367+0000][1][gc,cpu       ] GC(0) User=0.01s Sys=0.00s Real=0.01s
[2022-08-22T02:11:58.368+0000][1][gc           ] GC(0) Concurrent Reset
[2022-08-22T02:11:58.369+0000][1][gc           ] GC(0) Concurrent Reset 1.726ms
[2022-08-22T02:11:58.379+0000][1][gc,cpu       ] GC(0) User=0.01s Sys=0.00s Real=0.01s
[2022-08-22T02:11:58.383+0000][1][gc,heap      ] GC(0) Old: 0K->0K(699072K)
[2022-08-22T02:11:58.383+0000][1][safepoint    ] Application time: 0.0213824 seconds
[2022-08-22T02:11:58.390+0000][1][safepoint    ] Entering safepoint region: RevokeBias
[2022-08-22T02:11:58.391+0000][1][safepoint    ] Leaving safepoint region
[2022-08-22T02:11:58.392+0000][1][safepoint    ] Total time for which application threads were stopped: 0.0020087 seconds, Stopping threads took: 0.0007216 seconds
[2022-08-22T02:11:58.406+0000][1][safepoint    ] Application time: 0.0126103 seconds
[2022-08-22T02:11:58.415+0000][1][safepoint    ] Entering safepoint region: RevokeBias
[2022-08-22T02:11:58.416+0000][1][safepoint    ] Leaving safepoint region
[2022-08-22T02:11:58.417+0000][1][safepoint    ] Total time for which application threads were stopped: 0.0098995 seconds, Stopping threads took: 0.0090219 seconds
[2022-08-22T02:11:58.421+0000][1][safepoint    ] Application time: 0.0034827 seconds
[2022-08-22T02:11:58.437+0000][1][safepoint    ] Entering safepoint region: RevokeBias
[2022-08-22T02:11:58.438+0000][1][safepoint    ] Leaving safepoint region
[2022-08-22T02:11:58.439+0000][1][safepoint    ] Total time for which application threads were stopped: 0.0138925 seconds, Stopping threads took: 0.0124160 seconds
[2022-08-22T02:11:58.441+0000][1][safepoint    ] Application time: 0.0002837 seconds
[2022-08-22T02:11:58.441+0000][1][safepoint    ] Entering safepoint region: RevokeBias
[2022-08-22T02:11:58.442+0000][1][safepoint    ] Leaving safepoint region
[2022-08-22T02:11:58.443+0000][1][safepoint    ] Total time for which application threads were stopped: 0.0016998 seconds, Stopping threads took: 0.0009328 seconds
[2022-08-22T02:11:58.444+0000][1][safepoint    ] Application time: 0.0002005 seconds
[2022-08-22T02:11:58.451+0000][1][safepoint    ] Entering safepoint region: RevokeBias
[2022-08-22T02:11:58.452+0000][1][safepoint    ] Leaving safepoint region
[2022-08-22T02:11:58.453+0000][1][safepoint    ] Total time for which application threads were stopped: 0.0078700 seconds, Stopping threads took: 0.0066446 seconds
[2022-08-22T02:11:58.465+0000][1][safepoint    ] Application time: 0.0106168 seconds
[2022-08-22T02:11:58.478+0000][1][safepoint    ] Entering safepoint region: RevokeBias
[2022-08-22T02:11:58.479+0000][1][safepoint    ] Leaving safepoint region
[2022-08-22T02:11:58.480+0000][1][safepoint    ] Total time for which application threads were stopped: 0.0144839 seconds, Stopping threads took: 0.0134516 seconds
[2022-08-22T02:11:58.481+0000][1][safepoint    ] Application time: 0.0002830 seconds
[2022-08-22T02:11:58.493+0000][1][safepoint    ] Entering safepoint region: RevokeBias
[2022-08-22T02:11:58.494+0000][1][safepoint    ] Leaving safepoint region
[2022-08-22T02:11:58.495+0000][1][safepoint    ] Total time for which application threads were stopped: 0.0124658 seconds, Stopping threads took: 0.0116148 seconds
[2022-08-22T02:11:58.510+0000][1][gc,heap,exit ] Heap
[2022-08-22T02:11:58.511+0000][1][gc,heap,exit ]  par new generation   total 314560K, used 198836K [0x00000000c0000000, 0x00000000d5550000, 0x00000000d5550000)
[2022-08-22T02:11:58.512+0000][1][gc,heap,exit ]   eden space 279616K,  67% used [0x00000000c0000000, 0x00000000cb877228, 0x00000000d1110000)
[2022-08-22T02:11:58.513+0000][1][gc,heap,exit ]   from space 34944K,  28% used [0x00000000d3330000, 0x00000000d3ce5fe0, 0x00000000d5550000)
[2022-08-22T02:11:58.514+0000][1][gc,heap,exit ]   to   space 34944K,   0% used [0x00000000d1110000, 0x00000000d1110000, 0x00000000d3330000)
[2022-08-22T02:11:58.514+0000][1][gc,heap,exit ]  concurrent mark-sweep generation total 699072K, used 0K [0x00000000d5550000, 0x0000000100000000, 0x0000000100000000)
[2022-08-22T02:11:58.515+0000][1][gc,heap,exit ]  Metaspace       used 26893K, capacity 27731K, committed 27936K, reserved 1075200K
[2022-08-22T02:11:58.516+0000][1][gc,heap,exit ]   class space    used 2970K, capacity 3258K, committed 3324K, reserved 1048576K
[2022-08-22T02:11:58.520+0000][1][safepoint    ] Application time: 0.0246478 seconds
[2022-08-22T02:11:58.523+0000][1][safepoint    ] Entering safepoint region: Exit
